[12Nov2024 00:01:10.473] [Server thread/WARN] [net.minecraft.server.MinecraftServer/]: Can't keep up! Is the server overloaded? Running 2008ms or 40 ticks behind
[12Nov2024 00:02:52.637] [Server thread/INFO] [net.minecraft.server.MinecraftServer/]: [Not Secure] <Seta33> USA ESTO
[12Nov2024 00:03:06.680] [Server thread/INFO] [net.minecraft.server.MinecraftServer/]: [Not Secure] <Seta33> PONLO EN TU INVENTARIOO NADA MAS
[12Nov2024 00:03:36.735] [Server thread/INFO] [net.minecraft.server.MinecraftServer/]: [Not Secure] <GreyRP87> ya tenia uno
[12Nov2024 00:03:36.997] [Server thread/INFO] [net.minecraft.server.MinecraftServer/]: [Not Secure] <Seta33> AHG NO TIENES GOLPEO?
[12Nov2024 00:03:49.557] [Server thread/INFO] [net.minecraft.server.MinecraftServer/]: [Not Secure] <Seta33> UN QUE?
[12Nov2024 00:03:54.136] [Server thread/INFO] [net.minecraft.server.MinecraftServer/]: [Not Secure] <GreyRP87> nop la espada la encontre y solo mejore
[12Nov2024 00:04:14.933] [Server thread/INFO] [net.minecraft.server.MinecraftServer/]: [Not Secure] <Seta33> TOMA USA ESTA PARA MATAR MAS RAPIDO
[12Nov2024 00:04:23.662] [Server thread/INFO] [net.minecraft.server.MinecraftServer/]: [Not Secure] <Seta33> ME LA DEVUELVES WN
[12Nov2024 00:04:36.191] [Server thread/INFO] [net.minecraft.server.MinecraftServer/]: [Not Secure] <GreyRP87> onta .-.
[12Nov2024 00:04:45.432] [Server thread/INFO] [net.minecraft.server.MinecraftServer/]: [Not Secure] <Seta33> REVISA LA MOCHILA AVER
[12Nov2024 00:05:08.044] [Server thread/INFO] [net.minecraft.server.MinecraftServer/]: [Not Secure] <Seta33> GOLPEO HACE MAS DAÑO A LOS MUERTOS
[12Nov2024 00:05:16.835] [Server thread/INFO] [net.minecraft.server.MinecraftServer/]: [Not Secure] <Seta33> ZOMBIES ESQUELETOS ETC
[12Nov2024 00:05:43.288] [Server thread/INFO] [net.minecraft.server.MinecraftServer/]: [Not Secure] <GreyRP87> en mi defensa pelee mas con ustedes q con bichos
[12Nov2024 00:05:50.014] [Server thread/INFO] [net.minecraft.server.MinecraftServer/]: [Not Secure] <Seta33> SIOOONO
[12Nov2024 00:06:09.836] [Server thread/INFO] [net.minecraft.server.MinecraftServer/]: [Not Secure] <Seta33> LA MOCHILA EN TU INVENTARIO GIL
[12Nov2024 00:06:21.036] [Server thread/INFO] [net.minecraft.server.MinecraftServer/]: [Not Secure] <Seta33> SI NO NO SE LLENA
[12Nov2024 00:10:35.522] [Server thread/INFO] [net.minecraft.server.network.ServerGamePacketListenerImpl/]: GreyRP87 lost connection: Timed out
[12Nov2024 00:10:35.524] [Server thread/INFO] [net.minecraft.server.MinecraftServer/]: GreyRP87 left the game
[12Nov2024 00:10:47.763] [Server thread/INFO] [net.minecraft.server.players.PlayerList/]: GreyRP87[/127.144.176.107:51077] logged in with entity id 103819 at (-796.0394390930843, 64.0, -377.1449148212167)
[12Nov2024 00:10:47.889] [Server thread/INFO] [net.minecraft.server.MinecraftServer/]: GreyRP87 joined the game
[12Nov2024 00:10:47.897] [Server thread/INFO] [Jade/]: Syncing config to GreyRP87 (f1bfce37-1b36-3ce5-a3ad-c194ea40cf21)
[12Nov2024 00:11:50.542] [Server thread/WARN] [net.minecraft.server.MinecraftServer/]: Can't keep up! Is the server overloaded? Running 2127ms or 42 ticks behind
[12Nov2024 00:12:58.530] [Server thread/INFO] [net.minecraft.server.MinecraftServer/]: [Not Secure] <GreyRP87> 3 de papel
[12Nov2024 00:13:12.056] [Server thread/INFO] [net.minecraft.server.MinecraftServer/]: [Not Secure] <Seta33> AHI HAY CAÑA
[12Nov2024 00:13:57.735] [Server thread/INFO] [net.minecraft.server.MinecraftServer/]: [Not Secure] <Seta33> QUE VAS A HACER?W
[12Nov2024 00:14:14.286] [Server thread/INFO] [net.minecraft.server.MinecraftServer/]: [Not Secure] <GreyRP87> no se solo subo mis niveles del compedium
[12Nov2024 00:14:24.882] [Server thread/INFO] [net.minecraft.server.MinecraftServer/]: [Not Secure] <Seta33> AHHH XUXA VERDAD
[12Nov2024 00:14:32.583] [Server thread/INFO] [net.minecraft.server.MinecraftServer/]: [Not Secure] <Seta33> OE UN WATERDROP
[12Nov2024 00:14:35.030] [Server thread/INFO] [net.minecraft.server.MinecraftServer/]: [Not Secure] <Seta33> APURA
[12Nov2024 00:15:04.652] [Server thread/INFO] [net.minecraft.server.MinecraftServer/]: GreyRP87 has made the advancement [Not Even Double-Sided]
[12Nov2024 00:15:13.431] [Server thread/INFO] [net.minecraft.server.MinecraftServer/]: [Not Secure] <GreyRP87> apura q?
[12Nov2024 00:15:20.461] [Server thread/INFO] [net.minecraft.server.MinecraftServer/]: [Not Secure] <Seta33> WATERDROP
[12Nov2024 00:16:00.794] [Server thread/INFO] [net.minecraft.server.MinecraftServer/]: [Not Secure] <GreyRP87> baja
[12Nov2024 00:16:38.736] [Server thread/INFO] [net.minecraft.server.MinecraftServer/]: [Not Secure] <GreyRP87> tengo caida lenta .-.
[12Nov2024 00:16:55.392] [Server thread/INFO] [net.minecraft.server.MinecraftServer/]: [Not Secure] <GreyRP87> creo q me lo dio la cruz
[12Nov2024 00:17:15.812] [Server thread/INFO] [net.minecraft.server.MinecraftServer/]: [Not Secure] <Seta33> YA NO
[12Nov2024 00:17:19.031] [Server thread/INFO] [net.minecraft.server.MinecraftServer/]: [Not Secure] <GreyRP87> agg y me lo quita
[12Nov2024 00:17:30.501] [Server thread/INFO] [net.minecraft.server.MinecraftServer/]: [Not Secure] <GreyRP87> adios 40 niveles
[12Nov2024 00:18:02.989] [Server thread/INFO] [net.minecraft.server.MinecraftServer/]: [Not Secure] <Seta33> FO
[12Nov2024 00:18:16.790] [Server thread/INFO] [net.minecraft.server.MinecraftServer/]: GreyRP87 fell from a high place
[12Nov2024 00:18:16.798] [Server thread/INFO] [tombstone/]: The player GreyRP87 has successfully been saved
[12Nov2024 00:18:26.440] [Server thread/INFO] [net.minecraft.server.MinecraftServer/]: [Not Secure] <GreyRP87> ni me cargo
[12Nov2024 00:18:32.013] [Server thread/INFO] [net.minecraft.server.MinecraftServer/]: [Not Secure] <Seta33> XD
[12Nov2024 00:18:42.047] [Server thread/INFO] [net.minecraft.server.MinecraftServer/]: [Not Secure] <Seta33> AHG TENGO CAIDA LENTA VERDAD
[12Nov2024 00:20:22.731] [Server thread/INFO] [net.minecraft.server.network.ServerGamePacketListenerImpl/]: Seta33 lost connection: Timed out
[12Nov2024 00:20:22.732] [Server thread/INFO] [net.minecraft.server.MinecraftServer/]: Seta33 left the game
[12Nov2024 00:22:05.033] [Server thread/INFO] [net.minecraft.server.MinecraftServer/]: GreyRP87 has made the advancement [Essence Gathering]
[12Nov2024 00:22:13.029] [Server thread/INFO] [net.minecraft.server.network.ServerGamePacketListenerImpl/]: GreyRP87 lost connection: Disconnected
[12Nov2024 00:22:13.030] [Server thread/INFO] [net.minecraft.server.MinecraftServer/]: GreyRP87 left the game
[12Nov2024 00:22:57.866] [Server thread/INFO] [net.minecraft.server.MinecraftServer/]: Unknown or incomplete command, see below for error
[12Nov2024 00:22:57.914] [Server thread/INFO] [net.minecraft.server.MinecraftServer/]: STOP<--[HERE]
[12Nov2024 00:23:07.119] [Server thread/INFO] [net.minecraft.server.MinecraftServer/]: Unknown or incomplete command, see below for error
[12Nov2024 00:23:07.121] [Server thread/INFO] [net.minecraft.server.MinecraftServer/]: T/stop<--[HERE]
[12Nov2024 00:23:11.865] [Server thread/INFO] [net.minecraft.server.MinecraftServer/]: Unknown or incomplete command, see below for error
[12Nov2024 00:23:11.867] [Server thread/INFO] [net.minecraft.server.MinecraftServer/]: Stop<--[HERE]
[12Nov2024 00:23:21.215] [Server thread/INFO] [net.minecraft.server.MinecraftServer/]: Unknown or incomplete command, see below for error
[12Nov2024 00:23:21.224] [Server thread/INFO] [net.minecraft.server.MinecraftServer/]: STOP<--[HERE]
[12Nov2024 00:23:30.815] [Server thread/INFO] [net.minecraft.server.MinecraftServer/]: Stopping the server
[12Nov2024 00:23:30.875] [Server thread/INFO] [net.minecraft.server.MinecraftServer/]: Stopping server
[12Nov2024 00:23:30.876] [Server thread/INFO] [net.minecraft.server.MinecraftServer/]: Saving players
[12Nov2024 00:23:30.876] [Server thread/INFO] [net.minecraft.server.MinecraftServer/]: Saving worlds
[12Nov2024 00:23:30.942] [Server thread/INFO] [net.minecraft.server.MinecraftServer/]: Saving chunks for level 'ServerLevel[world]'/minecraft:overworld
[12Nov2024 00:23:32.339] [Server thread/INFO] [net.minecraft.server.MinecraftServer/]: Saving chunks for level 'ServerLevel[world]'/minecraft:the_end
[12Nov2024 00:23:32.341] [Server thread/INFO] [net.minecraft.server.MinecraftServer/]: Saving chunks for level 'ServerLevel[world]'/twilightforest:twilight_forest
[12Nov2024 00:23:32.342] [Server thread/INFO] [net.minecraft.server.MinecraftServer/]: Saving chunks for level 'ServerLevel[world]'/minecraft:the_nether
[12Nov2024 00:23:32.374] [Server thread/INFO] [net.minecraft.server.MinecraftServer/]: ThreadedAnvilChunkStorage (world): All chunks are saved
[12Nov2024 00:23:32.375] [Server thread/INFO] [net.minecraft.server.MinecraftServer/]: ThreadedAnvilChunkStorage (DIM1): All chunks are saved
[12Nov2024 00:23:32.375] [Server thread/INFO] [net.minecraft.server.MinecraftServer/]: ThreadedAnvilChunkStorage (twilight_forest): All chunks are saved
[12Nov2024 00:23:32.375] [Server thread/INFO] [net.minecraft.server.MinecraftServer/]: ThreadedAnvilChunkStorage (DIM-1): All chunks are saved
[12Nov2024 00:23:32.375] [Server thread/INFO] [net.minecraft.server.MinecraftServer/]: ThreadedAnvilChunkStorage: All dimensions are saved
